{
  "stats": {
    "suites": 1,
    "tests": 1,
    "passes": 1,
    "pending": 0,
    "failures": 0,
    "start": "2023-07-21T08:59:24.597Z",
    "end": "2023-07-21T08:59:24.644Z",
    "duration": 47,
    "testsRegistered": 1,
    "passPercent": 100,
    "pendingPercent": 0,
    "other": 0,
    "hasOther": false,
    "skipped": 0,
    "hasSkipped": false
  },
  "results": [
    {
      "uuid": "c47df5ee-aa45-4b65-b98a-fdfecb6334cd",
      "title": "",
      "fullFile": "C:\\Official_Projects\\api-unit-test-cases\\api-tests\\get_request.js",
      "file": "\\api-tests\\get_request.js",
      "beforeHooks": [],
      "afterHooks": [],
      "tests": [],
      "suites": [
        {
          "uuid": "a237fbec-42ff-4fd1-9a5f-fda15e6926f5",
          "title": "GET API Request Tests",
          "fullFile": "C:\\Official_Projects\\api-unit-test-cases\\api-tests\\get_request.js",
          "file": "\\api-tests\\get_request.js",
          "beforeHooks": [],
          "afterHooks": [],
          "tests": [
            {
              "title": "should be able get test data as test and status code as 200",
              "fullTitle": "GET API Request Tests should be able get test data as test and status code as 200",
              "timedOut": false,
              "duration": 41,
              "state": "passed",
              "speed": "medium",
              "pass": true,
              "fail": false,
              "pending": false,
              "context": null,
              "code": "const res = await axios.get('http://localhost:3000/api/v1/test/get-api/test');\nconsole.log(res.data , 'response==============');\nexpect(res.data.data).equal('testData');\nexpect(res.data.code).equal(200);\nexpect(res.data.status).equal('success');",
              "err": {},
              "uuid": "ab862b92-49c1-477f-983a-25f779bb16d9",
              "parentUUID": "a237fbec-42ff-4fd1-9a5f-fda15e6926f5",
              "isHook": false,
              "skipped": false
            }
          ],
          "suites": [],
          "passes": [
            "ab862b92-49c1-477f-983a-25f779bb16d9"
          ],
          "failures": [],
          "pending": [],
          "skipped": [],
          "duration": 41,
          "root": false,
          "rootEmpty": false,
          "_timeout": 10000
        }
      ],
      "passes": [],
      "failures": [],
      "pending": [],
      "skipped": [],
      "duration": 0,
      "root": true,
      "rootEmpty": true,
      "_timeout": 10000
    }
  ],
  "meta": {
    "mocha": {
      "version": "10.2.0"
    },
    "mochawesome": {
      "options": {
        "quiet": false,
        "reportFilename": "mochawesome",
        "saveHtml": true,
        "saveJson": true,
        "consoleReporter": "spec",
        "useInlineDiffs": false,
        "code": true
      },
      "version": "7.1.3"
    },
    "marge": {
      "options": null,
      "version": "6.2.0"
    }
  }
}